2025-07-09 16:03:34 Loading main app package /usr/lib/obsidian/obsidian.asar
2025-07-09 16:03:34 Checking for update using Github
2025-07-09 16:03:34 Success.
2025-07-09 16:03:34 Latest version is 1.8.10
2025-07-09 16:03:34 App is up to date.
2025-07-09 16:43:19 Loading main app package /usr/lib/obsidian/obsidian.asar
2025-07-09 16:43:20 Checking for update using Github
2025-07-09 16:43:20 Success.
2025-07-09 16:43:20 Latest version is 1.8.10
2025-07-09 16:43:20 App is up to date.
2025-07-09 17:09:23 Loading main app package /usr/lib/obsidian/obsidian.asar
2025-07-09 17:09:24 Checking for update using Github
2025-07-09 17:09:24 Success.
2025-07-09 17:09:24 Latest version is 1.8.10
2025-07-09 17:09:24 App is up to date.
2025-07-09 17:45:40 Loading main app package /usr/lib/obsidian/obsidian.asar
2025-07-09 17:45:40 Checking for update using Github
2025-07-09 17:45:40 Success.
2025-07-09 17:45:40 Latest version is 1.8.10
2025-07-09 17:45:40 App is up to date.
2025-07-09 17:47:33 Loading main app package /usr/lib/obsidian/obsidian.asar
2025-07-09 17:47:33 Checking for update using Github
2025-07-09 19:01:19 Checking for update using Github
2025-07-09 19:01:20 Success.
2025-07-09 19:01:20 Latest version is 1.8.10
2025-07-09 19:01:20 App is up to date.
2025-07-09 20:01:19 Checking for update using Github
2025-07-09 20:01:20 Success.
2025-07-09 20:01:20 Latest version is 1.8.10
2025-07-09 20:01:20 App is up to date.
